<?xml version="1.0" encoding="UTF-8" ?>
<testsuite tests="18" failures="2" name="TestSuite" time="106.763" errors="0" skipped="7">
  <properties>
    <property name="PROCESSOR_ARCHITECTURE" value="AMD64"/>
    <property name="file.encoding.pkg" value="sun.io"/>
    <property name="LOGONSERVER" value="\\ROG"/>
    <property name="ProgramData" value="C:\ProgramData"/>
    <property name="java.home" value="C:\Program Files\Java\jdk1.8.0_161\jre"/>
    <property name="NODE_NAME" value="master"/>
    <property name="JENKINS_URL" value="http://localhost:8080/"/>
    <property name="ALLUSERSPROFILE" value="C:\ProgramData"/>
    <property name="java.endorsed.dirs" value="C:\Program Files\Java\jdk1.8.0_161\jre\lib\endorsed"/>
    <property name="OneDriveCommercial" value="C:\Users\Prajapati\OneDrive - University of Guelph"/>
    <property name="PSModulePath" value="C:\Windows\system32\WindowsPowerShell\v1.0\Modules\;C:\Program Files (x86)\Microsoft SQL Server\120\Tools\PowerShell\Modules\"/>
    <property name="=::" value="::\"/>
    <property name="USERDOMAIN" value="ROG"/>
    <property name="sun.os.patch.level" value=""/>
    <property name="java.vendor.url" value="http://java.oracle.com/"/>
    <property name="CommonProgramFiles(x86)" value="C:\Program Files (x86)\Common Files"/>
    <property name="java.version" value="1.8.0_161"/>
    <property name="SYSAPPTOP" value="C:\Program Files (x86)\MYSTAT 12"/>
    <property name="JOB_NAME" value="EbayAutomationJob"/>
    <property name="COMPUTERNAME" value="ROG"/>
    <property name="java.vendor.url.bug" value="http://bugreport.sun.com/bugreport/"/>
    <property name="PUBLIC" value="C:\Users\Public"/>
    <property name="ANSYS160_DIR" value="C:\Program Files\ANSYS Inc\v160\ANSYS"/>
    <property name="user.name" value="Krunal"/>
    <property name="sun.io.unicode.encoding" value="UnicodeLittle"/>
    <property name="sun.jnu.encoding" value="Cp1252"/>
    <property name="java.runtime.name" value="Java(TM) SE Runtime Environment"/>
    <property name="windir" value="C:\Windows"/>
    <property name="SW_SIM_MPIT" value="INTELMPI"/>
    <property name="PROCESSOR_IDENTIFIER" value="Intel64 Family 6 Model 60 Stepping 3, GenuineIntel"/>
    <property name="java.specification.name" value="Java Platform API Specification"/>
    <property name="LOCALAPPDATA" value="C:\Users\Prajapati\AppData\Local"/>
    <property name="RUN_CHANGES_DISPLAY_URL" value="http://localhost:8080/job/EbayAutomationJob/1/display/redirect?page=changes"/>
    <property name="user.timezone" value="America/New_York"/>
    <property name="user.script" value=""/>
    <property name="path.separator" value=";"/>
    <property name="NUMBER_OF_PROCESSORS" value="8"/>
    <property name="BUILD_TAG" value="jenkins-EbayAutomationJob-1"/>
    <property name="file.encoding" value="Cp1252"/>
    <property name="sun.java.command" value="jenkins.maven3.agent.Maven35Main C:\Users\Prajapati\.jenkins\tools\hudson.tasks.Maven_MavenInstallation\my_maven_3.6.3 C:\Users\Prajapati\.jenkins\war\WEB-INF\lib\remoting-4.11.2.jar C:\Users\Prajapati\.jenkins\plugins\maven-plugin\WEB-INF\lib\maven35-interceptor-1.13.jar C:\Users\Prajapati\.jenkins\plugins\maven-plugin\WEB-INF\lib\maven3-interceptor-commons-1.13.jar 50196"/>
    <property name="HUDSON_URL" value="http://localhost:8080/"/>
    <property name="JENKINS_SERVER_COOKIE" value="02b7bb0ed8543b69"/>
    <property name="EXECUTOR_NUMBER" value="0"/>
    <property name="Path" value="C:\Program Files\Java\jdk1.8.0_161/bin;C:\Program Files (x86)\Common Files\Oracle\Java\javapath;C:\ProgramData\Oracle\Java\javapath;C:\Program Files (x86)\Rockwell Software\RSCommon;C:\Program Files (x86)\NVIDIA Corporation\PhysX\Common;C:\Windows\system32;C:\Windows;C:\Windows\system32\Wbem;C:\Program Files (x86)\Intel\iCLS Client\;C:\Program Files\Intel\iCLS Client\;C:\Windows\System32\WindowsPowerShell\v1.0\;C:\Program Files\Intel\Intel(R) Management Engine Components\DAL;C:\Program Files (x86)\Intel\Intel(R) Management Engine Components\DAL;C:\Program Files\Intel\Intel(R) Management Engine Components\IPT;C:\Program Files (x86)\Intel\Intel(R) Management Engine Components\IPT;C:\Program Files (x86)\Windows Kits\8.1\Windows Performance Toolkit\;C:\Program Files\Microsoft SQL Server\Client SDK\ODBC\110\Tools\Binn\;C:\Program Files (x86)\Microsoft SQL Server\120\Tools\Binn\;C:\Program Files\Microsoft SQL Server\120\Tools\Binn\;C:\Program Files\Microsoft SQL Server\120\DTS\Binn\;C:\Program Files\Java\jdk1.8.0_161\bin;C:\Program Files\Java\jdk1.8.0_161\jre\bin;C:\apache-ant-1.10.8\bin;C:\apache-maven-3.6.3\bin;C:\Program Files\Git\cmd;C:\Program Files\MySQL\MySQL Shell 8.0\bin\"/>
    <property name="AWP_ROOT160" value="C:\Program Files\ANSYS Inc\v160"/>
    <property name="java.io.tmpdir" value="C:\Users\PRAJAP~1\AppData\Local\Temp\"/>
    <property name="APPDATA" value="C:\Users\Prajapati\AppData\Roaming"/>
    <property name="user.language" value="en"/>
    <property name="line.separator" value="
"/>
    <property name="BUILD_URL" value="http://localhost:8080/job/EbayAutomationJob/1/"/>
    <property name="M2_HOME" value="C:\Users\Prajapati\.jenkins\tools\hudson.tasks.Maven_MavenInstallation\my_maven_3.6.3"/>
    <property name="SW_SIM_HYDRA" value="C:\Program Files\Common Files\SolidWorks Shared\Simulation Worker Agent\"/>
    <property name="=C:" value="C:\Jenkins"/>
    <property name="java.vm.info" value="mixed mode"/>
    <property name="sun.desktop" value="windows"/>
    <property name="java.vm.specification.name" value="Java Virtual Machine Specification"/>
    <property name="CI" value="true"/>
    <property name="BUILD_DISPLAY_NAME" value="#1"/>
    <property name="OS" value="Windows_NT"/>
    <property name="guice.disable.misplaced.annotation.check" value="true"/>
    <property name="HUDSON_SERVER_COOKIE" value="02b7bb0ed8543b69"/>
    <property name="WORKSPACE_TMP" value="C:\Users\Prajapati\.jenkins\workspace\EbayAutomationJob@tmp"/>
    <property name="MAVEN_HOME" value="C:\Users\Prajapati\.jenkins\tools\hudson.tasks.Maven_MavenInstallation\my_maven_3.6.3"/>
    <property name="SESSIONNAME" value="Console"/>
    <property name="PATHEXT" value=".COM;.EXE;.BAT;.CMD;.VBS;.VBE;.JS;.JSE;.WSF;.WSH;.MSC"/>
    <property name="java.awt.printerjob" value="sun.awt.windows.WPrinterJob"/>
    <property name="maven3.interceptor.common" value="C:\Users\Prajapati\.jenkins\plugins\maven-plugin\WEB-INF\lib\maven3-interceptor-commons-1.13.jar"/>
    <property name="CLASSPATH" value=""/>
    <property name="ANSYS_SYSDIR" value="winx64"/>
    <property name="ICEMCFD_SYSDIR" value="win64_amd"/>
    <property name="P_SCHEMA" value="C:\Program Files\ANSYS Inc\v160\AISOL\CADIntegration\Parasolid\PSchema"/>
    <property name="ANS_OLD_ATTACH" value="1"/>
    <property name="HOMEPATH" value="\Users\Prajapati"/>
    <property name="os.name" value="Windows 8.1"/>
    <property name="java.specification.vendor" value="Oracle Corporation"/>
    <property name="FP_NO_HOST_CHECK" value="NO"/>
    <property name="java.vm.name" value="Java HotSpot(TM) 64-Bit Server VM"/>
    <property name="BUILD_NUMBER" value="1"/>
    <property name="maven3.interceptor" value="C:\Users\Prajapati\.jenkins\plugins\maven-plugin\WEB-INF\lib\maven35-interceptor-1.13.jar"/>
    <property name="java.library.path" value="C:\Program Files\Java\jdk1.8.0_161\bin;C:\Windows\Sun\Java\bin;C:\Windows\system32;C:\Windows;C:\Users\Prajapati\.jenkins\tools\hudson.tasks.Maven_MavenInstallation\my_maven_3.6.3/bin;C:\Program Files\Java\jdk1.8.0_161/bin;C:\Program Files\Java\jdk1.8.0_161/bin;C:\Program Files (x86)\Common Files\Oracle\Java\javapath;C:\ProgramData\Oracle\Java\javapath;C:\Program Files (x86)\Rockwell Software\RSCommon;C:\Program Files (x86)\NVIDIA Corporation\PhysX\Common;C:\Windows\system32;C:\Windows;C:\Windows\system32\Wbem;C:\Program Files (x86)\Intel\iCLS Client\;C:\Program Files\Intel\iCLS Client\;C:\Windows\System32\WindowsPowerShell\v1.0\;C:\Program Files\Intel\Intel(R) Management Engine Components\DAL;C:\Program Files (x86)\Intel\Intel(R) Management Engine Components\DAL;C:\Program Files\Intel\Intel(R) Management Engine Components\IPT;C:\Program Files (x86)\Intel\Intel(R) Management Engine Components\IPT;C:\Program Files (x86)\Windows Kits\8.1\Windows Performance Toolkit\;C:\Program Files\Microsoft SQL Server\Client SDK\ODBC\110\Tools\Binn\;C:\Program Files (x86)\Microsoft SQL Server\120\Tools\Binn\;C:\Program Files\Microsoft SQL Server\120\Tools\Binn\;C:\Program Files\Microsoft SQL Server\120\DTS\Binn\;C:\Program Files\Java\jdk1.8.0_161\bin;C:\Program Files\Java\jdk1.8.0_161\jre\bin;C:\apache-ant-1.10.8\bin;C:\apache-maven-3.6.3\bin;C:\Program Files\Git\cmd;C:\Program Files\MySQL\MySQL Shell 8.0\bin\;."/>
    <property name="HOMEDRIVE" value="C:"/>
    <property name="java.class.version" value="52.0"/>
    <property name="JOB_URL" value="http://localhost:8080/job/EbayAutomationJob/"/>
    <property name="SYSUSERTOP" value="C:\Users\Prajapati\SYSTAT_12"/>
    <property name="ANT_HOME" value="C:\apache-ant-1.10.8"/>
    <property name="OneDrive" value="C:\Users\Prajapati\OneDrive - University of Guelph"/>
    <property name="RUN_DISPLAY_URL" value="http://localhost:8080/job/EbayAutomationJob/1/display/redirect"/>
    <property name="JENKINS_HOME" value="C:\Users\Prajapati\.jenkins"/>
    <property name="BUILD_ID" value="1"/>
    <property name="TEMP" value="C:\Users\PRAJAP~1\AppData\Local\Temp"/>
    <property name="sun.boot.library.path" value="C:\Program Files\Java\jdk1.8.0_161\jre\bin"/>
    <property name="sun.management.compiler" value="HotSpot 64-Bit Tiered Compilers"/>
    <property name="java.awt.graphicsenv" value="sun.awt.Win32GraphicsEnvironment"/>
    <property name="user.variant" value=""/>
    <property name="PROCESSOR_REVISION" value="3c03"/>
    <property name="HUDSON_HOME" value="C:\Users\Prajapati\.jenkins"/>
    <property name="ProgramFiles(x86)" value="C:\Program Files (x86)"/>
    <property name="PATH+MAVEN" value="C:\Users\Prajapati\.jenkins\tools\hudson.tasks.Maven_MavenInstallation\my_maven_3.6.3/bin"/>
    <property name="USERDOMAIN_ROAMINGPROFILE" value="ROG"/>
    <property name="ANSYS_SYSDIR32" value="win32"/>
    <property name="RUN_ARTIFACTS_DISPLAY_URL" value="http://localhost:8080/job/EbayAutomationJob/1/display/redirect?page=artifacts"/>
    <property name="PROMPT" value="$P$G"/>
    <property name="java.vm.specification.version" value="1.8"/>
    <property name="JAVA_HOME" value="C:\Program Files\Java\jdk1.8.0_161"/>
    <property name="awt.toolkit" value="sun.awt.windows.WToolkit"/>
    <property name="NODE_LABELS" value="master"/>
    <property name="sun.cpu.isalist" value="amd64"/>
    <property name="USERPROFILE" value="C:\Users\Prajapati"/>
    <property name="JOB_DISPLAY_URL" value="http://localhost:8080/job/EbayAutomationJob/display/redirect"/>
    <property name="java.ext.dirs" value="C:\Program Files\Java\jdk1.8.0_161\jre\lib\ext;C:\Windows\Sun\Java\lib\ext"/>
    <property name="os.version" value="6.3"/>
    <property name="user.home" value="C:\Users\Prajapati"/>
    <property name="USERNAME" value="Krunal"/>
    <property name="java.vm.vendor" value="Oracle Corporation"/>
    <property name="ICEMCFD_ROOT160" value="C:\Program Files\ANSYS Inc\v160\icemcfd"/>
    <property name="PROCESSOR_LEVEL" value="6"/>
    <property name="CommonProgramW6432" value="C:\Program Files\Common Files"/>
    <property name="AWP_LOCALE160" value="en-us"/>
    <property name="user.dir" value="C:\Selenium_Workspace\PageObjectModelEbay"/>
    <property name="maven.conf" value="C:\Users\Prajapati\.jenkins\tools\hudson.tasks.Maven_MavenInstallation\my_maven_3.6.3\conf"/>
    <property name="ProgramW6432" value="C:\Program Files"/>
    <property name="TMP" value="C:\Users\PRAJAP~1\AppData\Local\Temp"/>
    <property name="CADOE_LIBDIR160" value="C:\Program Files\ANSYS Inc\v160\CommonFiles\Language\en-us"/>
    <property name="sun.cpu.endian" value="little"/>
    <property name="SystemDrive" value="C:"/>
    <property name="java.vm.version" value="25.161-b12"/>
    <property name="java.class.path" value="C:\Users\Prajapati\.jenkins\plugins\maven-plugin\WEB-INF\lib\maven35-agent-1.13.jar;C:\Users\Prajapati\.jenkins\tools\hudson.tasks.Maven_MavenInstallation\my_maven_3.6.3\boot\plexus-classworlds-2.6.0.jar;C:\Users\Prajapati\.jenkins\tools\hudson.tasks.Maven_MavenInstallation\my_maven_3.6.3/conf/logging"/>
    <property name="org.slf4j.simpleLogger.defaultLogLevel" value="info"/>
    <property name="os.arch" value="amd64"/>
    <property name="WORKSPACE" value="C:\Users\Prajapati\.jenkins\workspace\EbayAutomationJob"/>
    <property name="ComSpec" value="C:\Windows\system32\cmd.exe"/>
    <property name="RUN_TESTS_DISPLAY_URL" value="http://localhost:8080/job/EbayAutomationJob/1/display/redirect?page=tests"/>
    <property name="sun.java.launcher" value="SUN_STANDARD"/>
    <property name="SystemRoot" value="C:\Windows"/>
    <property name="CommonProgramFiles" value="C:\Program Files\Common Files"/>
    <property name="java.vm.specification.vendor" value="Oracle Corporation"/>
    <property name="LSTC_LICENSE" value="ANSYS"/>
    <property name="file.separator" value="\"/>
    <property name="java.runtime.version" value="1.8.0_161-b12"/>
    <property name="ProgramFiles" value="C:\Program Files"/>
    <property name="sun.boot.class.path" value="C:\Program Files\Java\jdk1.8.0_161\jre\lib\resources.jar;C:\Program Files\Java\jdk1.8.0_161\jre\lib\rt.jar;C:\Program Files\Java\jdk1.8.0_161\jre\lib\sunrsasign.jar;C:\Program Files\Java\jdk1.8.0_161\jre\lib\jsse.jar;C:\Program Files\Java\jdk1.8.0_161\jre\lib\jce.jar;C:\Program Files\Java\jdk1.8.0_161\jre\lib\charsets.jar;C:\Program Files\Java\jdk1.8.0_161\jre\lib\jfr.jar;C:\Program Files\Java\jdk1.8.0_161\jre\classes"/>
    <property name="PATH+JDK" value="C:\Program Files\Java\jdk1.8.0_161/bin"/>
    <property name="user.country" value="IN"/>
    <property name="maven.home" value="C:\Users\Prajapati\.jenkins\tools\hudson.tasks.Maven_MavenInstallation\my_maven_3.6.3"/>
    <property name="JOB_BASE_NAME" value="EbayAutomationJob"/>
    <property name="java.vendor" value="Oracle Corporation"/>
    <property name="CADOE_DOCDIR160" value="C:\Program Files\ANSYS Inc\v160\CommonFiles\help\en-us\solviewer"/>
    <property name="java.specification.version" value="1.8"/>
    <property name="SW_SIM_TEMP" value="C:\ProgramData\SOLIDWORKS\SW_net_sim_temp\"/>
    <property name="sun.arch.data.model" value="64"/>
  </properties>
  <testcase classname="com.ebay.qa.testcases.CartPageTest" name="setUp" time="29.468">
    <failure message="element not interactable
  (Session info: chrome=97.0.4692.99)
Build info: version: &apos;3.141.59&apos;, revision: &apos;e82be7d358&apos;, time: &apos;2018-11-14T08:17:03&apos;
System info: host: &apos;ROG&apos;, ip: &apos;192.168.2.20&apos;, os.name: &apos;Windows 8.1&apos;, os.arch: &apos;amd64&apos;, os.version: &apos;6.3&apos;, java.version: &apos;1.8.0_161&apos;
Driver info: org.openqa.selenium.chrome.ChromeDriver
Capabilities {acceptInsecureCerts: false, browserName: chrome, browserVersion: 97.0.4692.99, chrome: {chromedriverVersion: 97.0.4692.71 (adefa7837d02a..., userDataDir: C:\Users\PRAJAP~1\AppData\L...}, goog:chromeOptions: {debuggerAddress: localhost:50212}, javascriptEnabled: true, networkConnectionEnabled: false, pageLoadStrategy: normal, platform: WINDOWS, platformName: WINDOWS, proxy: Proxy(), setWindowRect: true, strictFileInteractability: false, timeouts: {implicit: 0, pageLoad: 300000, script: 30000}, unhandledPromptBehavior: dismiss and notify, webauthn:extension:credBlob: true, webauthn:extension:largeBlob: true, webauthn:virtualAuthenticators: true}
Session ID: 56625aa7efc33653358c379e15ee1ad6" type="org.openqa.selenium.ElementNotInteractableException">org.openqa.selenium.ElementNotInteractableException: element not interactable
  (Session info: chrome=97.0.4692.99)
Build info: version: &apos;3.141.59&apos;, revision: &apos;e82be7d358&apos;, time: &apos;2018-11-14T08:17:03&apos;
System info: host: &apos;ROG&apos;, ip: &apos;192.168.2.20&apos;, os.name: &apos;Windows 8.1&apos;, os.arch: &apos;amd64&apos;, os.version: &apos;6.3&apos;, java.version: &apos;1.8.0_161&apos;
Driver info: org.openqa.selenium.chrome.ChromeDriver
Capabilities {acceptInsecureCerts: false, browserName: chrome, browserVersion: 97.0.4692.99, chrome: {chromedriverVersion: 97.0.4692.71 (adefa7837d02a..., userDataDir: C:\Users\PRAJAP~1\AppData\L...}, goog:chromeOptions: {debuggerAddress: localhost:50212}, javascriptEnabled: true, networkConnectionEnabled: false, pageLoadStrategy: normal, platform: WINDOWS, platformName: WINDOWS, proxy: Proxy(), setWindowRect: true, strictFileInteractability: false, timeouts: {implicit: 0, pageLoad: 300000, script: 30000}, unhandledPromptBehavior: dismiss and notify, webauthn:extension:credBlob: true, webauthn:extension:largeBlob: true, webauthn:virtualAuthenticators: true}
Session ID: 56625aa7efc33653358c379e15ee1ad6
	at sun.reflect.NativeConstructorAccessorImpl.newInstance0(Native Method)
	at sun.reflect.NativeConstructorAccessorImpl.newInstance(NativeConstructorAccessorImpl.java:62)
	at sun.reflect.DelegatingConstructorAccessorImpl.newInstance(DelegatingConstructorAccessorImpl.java:45)
	at java.lang.reflect.Constructor.newInstance(Constructor.java:423)
	at org.openqa.selenium.remote.http.W3CHttpResponseCodec.createException(W3CHttpResponseCodec.java:187)
	at org.openqa.selenium.remote.http.W3CHttpResponseCodec.decode(W3CHttpResponseCodec.java:122)
	at org.openqa.selenium.remote.http.W3CHttpResponseCodec.decode(W3CHttpResponseCodec.java:49)
	at org.openqa.selenium.remote.HttpCommandExecutor.execute(HttpCommandExecutor.java:158)
	at org.openqa.selenium.remote.service.DriverCommandExecutor.execute(DriverCommandExecutor.java:83)
	at org.openqa.selenium.remote.RemoteWebDriver.execute(RemoteWebDriver.java:552)
	at org.openqa.selenium.remote.RemoteWebElement.execute(RemoteWebElement.java:285)
	at org.openqa.selenium.remote.RemoteWebElement.sendKeys(RemoteWebElement.java:106)
	at sun.reflect.NativeMethodAccessorImpl.invoke0(Native Method)
	at sun.reflect.NativeMethodAccessorImpl.invoke(NativeMethodAccessorImpl.java:62)
	at sun.reflect.DelegatingMethodAccessorImpl.invoke(DelegatingMethodAccessorImpl.java:43)
	at java.lang.reflect.Method.invoke(Method.java:498)
	at org.openqa.selenium.support.events.EventFiringWebDriver$EventFiringWebElement.lambda$new$0(EventFiringWebDriver.java:404)
	at com.sun.proxy.$Proxy11.sendKeys(Unknown Source)
	at org.openqa.selenium.support.events.EventFiringWebDriver$EventFiringWebElement.sendKeys(EventFiringWebDriver.java:429)
	at sun.reflect.NativeMethodAccessorImpl.invoke0(Native Method)
	at sun.reflect.NativeMethodAccessorImpl.invoke(NativeMethodAccessorImpl.java:62)
	at sun.reflect.DelegatingMethodAccessorImpl.invoke(DelegatingMethodAccessorImpl.java:43)
	at java.lang.reflect.Method.invoke(Method.java:498)
	at org.openqa.selenium.support.pagefactory.internal.LocatingElementHandler.invoke(LocatingElementHandler.java:51)
	at com.sun.proxy.$Proxy10.sendKeys(Unknown Source)
	at com.ebay.qa.pages.SignInPage.signIn(SignInPage.java:40)
	at com.ebay.qa.testcases.CartPageTest.setUp(CartPageTest.java:31)
</failure>
    <system-out>Configuring TestNG with: org.apache.maven.surefire.testng.conf.TestNG652Configurator@2ff4f00f
Before navigating to: &apos;https://www.ebay.ca/&apos;
Navigated to:&apos;https://www.ebay.ca/&apos;
Trying to find Element By : By.xpath: //span[@id=&apos;gh-ug&apos;]//a[text()=&apos;Sign in&apos;]
Found Element By : By.xpath: //span[@id=&apos;gh-ug&apos;]//a[text()=&apos;Sign in&apos;]
Trying to click on: [[ChromeDriver: chrome on WINDOWS (56625aa7efc33653358c379e15ee1ad6)] -&gt; xpath: //span[@id=&apos;gh-ug&apos;]//a[text()=&apos;Sign in&apos;]]
Clicked on: [[ChromeDriver: chrome on WINDOWS (56625aa7efc33653358c379e15ee1ad6)] -&gt; xpath: //span[@id=&apos;gh-ug&apos;]//a[text()=&apos;Sign in&apos;]]
Trying to find Element By : By.id: userid
Found Element By : By.id: userid
Trying to find Element By : By.id: signin-continue-btn
Found Element By : By.id: signin-continue-btn
Trying to click on: [[ChromeDriver: chrome on WINDOWS (56625aa7efc33653358c379e15ee1ad6)] -&gt; id: signin-continue-btn]
Clicked on: [[ChromeDriver: chrome on WINDOWS (56625aa7efc33653358c379e15ee1ad6)] -&gt; id: signin-continue-btn]
Trying to find Element By : By.id: pass
Found Element By : By.id: pass
Exception occured: org.openqa.selenium.ElementNotInteractableException: element not interactable
  (Session info: chrome=97.0.4692.99)
Build info: version: &apos;3.141.59&apos;, revision: &apos;e82be7d358&apos;, time: &apos;2018-11-14T08:17:03&apos;
System info: host: &apos;ROG&apos;, ip: &apos;192.168.2.20&apos;, os.name: &apos;Windows 8.1&apos;, os.arch: &apos;amd64&apos;, os.version: &apos;6.3&apos;, java.version: &apos;1.8.0_161&apos;
Driver info: org.openqa.selenium.chrome.ChromeDriver
Capabilities {acceptInsecureCerts: false, browserName: chrome, browserVersion: 97.0.4692.99, chrome: {chromedriverVersion: 97.0.4692.71 (adefa7837d02a..., userDataDir: C:\Users\PRAJAP~1\AppData\L...}, goog:chromeOptions: {debuggerAddress: localhost:50212}, javascriptEnabled: true, networkConnectionEnabled: false, pageLoadStrategy: normal, platform: WINDOWS, platformName: WINDOWS, proxy: Proxy(), setWindowRect: true, strictFileInteractability: false, timeouts: {implicit: 0, pageLoad: 300000, script: 30000}, unhandledPromptBehavior: dismiss and notify, webauthn:extension:credBlob: true, webauthn:extension:largeBlob: true, webauthn:virtualAuthenticators: true}
Session ID: 56625aa7efc33653358c379e15ee1ad6
</system-out>
    <system-err>SLF4J: Failed to load class &quot;org.slf4j.impl.StaticLoggerBinder&quot;.
SLF4J: Defaulting to no-operation (NOP) logger implementation
SLF4J: See http://www.slf4j.org/codes.html#StaticLoggerBinder for further details.
Starting ChromeDriver 97.0.4692.71 (adefa7837d02a07a604c1e6eff0b3a09422ab88d-refs/branch-heads/4692@{#1247}) on port 29999
Only local connections are allowed.
Please see https://chromedriver.chromium.org/security-considerations for suggestions on keeping ChromeDriver safe.
ChromeDriver was started successfully.
Feb 05, 2022 10:09:34 PM org.openqa.selenium.remote.ProtocolHandshake createSession
INFO: Detected dialect: W3C
</system-err>
  </testcase>
  <testcase classname="com.ebay.qa.testcases.CartPageTest" name="cartPageTitleTest" time="0.001">
    <skipped/>
  </testcase>
  <testcase classname="com.ebay.qa.testcases.CartPageTest" name="tearDown" time="0.119">
    <skipped/>
  </testcase>
  <testcase classname="com.ebay.qa.testcases.CartPageTest" name="setUp" time="0.153">
    <skipped/>
  </testcase>
  <testcase classname="com.ebay.qa.testcases.CartPageTest" name="verifyGoToCheckoutTest" time="0.001">
    <skipped/>
  </testcase>
  <testcase classname="com.ebay.qa.testcases.CartPageTest" name="tearDown" time="0.076">
    <skipped/>
  </testcase>
  <testcase classname="com.ebay.qa.testcases.CheckoutPageTest" name="checkoutPageTitleTest" time="0.01"/>
  <testcase classname="com.ebay.qa.testcases.CheckoutPageTest" name="endCheckoutTest" time="6.252"/>
  <testcase classname="com.ebay.qa.testcases.HomePageTest" name="homePageTitleTest" time="0.715"/>
  <testcase classname="com.ebay.qa.testcases.HomePageTest" name="ebayLogoTest" time="0.244"/>
  <testcase classname="com.ebay.qa.testcases.HomePageTest" name="searchTest" time="4.196"/>
  <testcase classname="com.ebay.qa.testcases.HomePageTest" name="userNameLabelTest" time="8.463"/>
  <testcase classname="com.ebay.qa.testcases.SignInPageTest" name="signInPageTitleTest" time="0.008"/>
  <testcase classname="com.ebay.qa.testcases.SignInPageTest" name="signInTest" time="6.501"/>
  <testcase classname="com.ebay.qa.testcases.WatchListPageTest" name="watchListPageTitleTest" time="0.007"/>
  <testcase classname="com.ebay.qa.testcases.WatchListPageTest" name="setUp" time="50.14">
    <failure message="no such element: Unable to locate element: {&quot;method&quot;:&quot;xpath&quot;,&quot;selector&quot;:&quot;//div[@class=&apos;rvi__title&apos;]&quot;}
  (Session info: chrome=97.0.4692.99)
For documentation on this error, please visit: https://www.seleniumhq.org/exceptions/no_such_element.html
Build info: version: &apos;3.141.59&apos;, revision: &apos;e82be7d358&apos;, time: &apos;2018-11-14T08:17:03&apos;
System info: host: &apos;ROG&apos;, ip: &apos;192.168.2.20&apos;, os.name: &apos;Windows 8.1&apos;, os.arch: &apos;amd64&apos;, os.version: &apos;6.3&apos;, java.version: &apos;1.8.0_161&apos;
Driver info: org.openqa.selenium.chrome.ChromeDriver
Capabilities {acceptInsecureCerts: false, browserName: chrome, browserVersion: 97.0.4692.99, chrome: {chromedriverVersion: 97.0.4692.71 (adefa7837d02a..., userDataDir: C:\Users\PRAJAP~1\AppData\L...}, goog:chromeOptions: {debuggerAddress: localhost:51695}, javascriptEnabled: true, networkConnectionEnabled: false, pageLoadStrategy: normal, platform: WINDOWS, platformName: WINDOWS, proxy: Proxy(), setWindowRect: true, strictFileInteractability: false, timeouts: {implicit: 0, pageLoad: 300000, script: 30000}, unhandledPromptBehavior: dismiss and notify, webauthn:extension:credBlob: true, webauthn:extension:largeBlob: true, webauthn:virtualAuthenticators: true}
Session ID: a3d42b4b8539a52eaa57fd934764ea6e
*** Element info: {Using=xpath, value=//div[@class=&apos;rvi__title&apos;]}" type="org.openqa.selenium.NoSuchElementException">org.openqa.selenium.NoSuchElementException: no such element: Unable to locate element: {&quot;method&quot;:&quot;xpath&quot;,&quot;selector&quot;:&quot;//div[@class=&apos;rvi__title&apos;]&quot;}
  (Session info: chrome=97.0.4692.99)
For documentation on this error, please visit: https://www.seleniumhq.org/exceptions/no_such_element.html
Build info: version: &apos;3.141.59&apos;, revision: &apos;e82be7d358&apos;, time: &apos;2018-11-14T08:17:03&apos;
System info: host: &apos;ROG&apos;, ip: &apos;192.168.2.20&apos;, os.name: &apos;Windows 8.1&apos;, os.arch: &apos;amd64&apos;, os.version: &apos;6.3&apos;, java.version: &apos;1.8.0_161&apos;
Driver info: org.openqa.selenium.chrome.ChromeDriver
Capabilities {acceptInsecureCerts: false, browserName: chrome, browserVersion: 97.0.4692.99, chrome: {chromedriverVersion: 97.0.4692.71 (adefa7837d02a..., userDataDir: C:\Users\PRAJAP~1\AppData\L...}, goog:chromeOptions: {debuggerAddress: localhost:51695}, javascriptEnabled: true, networkConnectionEnabled: false, pageLoadStrategy: normal, platform: WINDOWS, platformName: WINDOWS, proxy: Proxy(), setWindowRect: true, strictFileInteractability: false, timeouts: {implicit: 0, pageLoad: 300000, script: 30000}, unhandledPromptBehavior: dismiss and notify, webauthn:extension:credBlob: true, webauthn:extension:largeBlob: true, webauthn:virtualAuthenticators: true}
Session ID: a3d42b4b8539a52eaa57fd934764ea6e
*** Element info: {Using=xpath, value=//div[@class=&apos;rvi__title&apos;]}
	at sun.reflect.NativeConstructorAccessorImpl.newInstance0(Native Method)
	at sun.reflect.NativeConstructorAccessorImpl.newInstance(NativeConstructorAccessorImpl.java:62)
	at sun.reflect.DelegatingConstructorAccessorImpl.newInstance(DelegatingConstructorAccessorImpl.java:45)
	at java.lang.reflect.Constructor.newInstance(Constructor.java:423)
	at org.openqa.selenium.remote.http.W3CHttpResponseCodec.createException(W3CHttpResponseCodec.java:187)
	at org.openqa.selenium.remote.http.W3CHttpResponseCodec.decode(W3CHttpResponseCodec.java:122)
	at org.openqa.selenium.remote.http.W3CHttpResponseCodec.decode(W3CHttpResponseCodec.java:49)
	at org.openqa.selenium.remote.HttpCommandExecutor.execute(HttpCommandExecutor.java:158)
	at org.openqa.selenium.remote.service.DriverCommandExecutor.execute(DriverCommandExecutor.java:83)
	at org.openqa.selenium.remote.RemoteWebDriver.execute(RemoteWebDriver.java:552)
	at org.openqa.selenium.remote.RemoteWebDriver.findElement(RemoteWebDriver.java:323)
	at org.openqa.selenium.remote.RemoteWebDriver.findElementByXPath(RemoteWebDriver.java:428)
	at org.openqa.selenium.By$ByXPath.findElement(By.java:353)
	at org.openqa.selenium.remote.RemoteWebDriver.findElement(RemoteWebDriver.java:315)
	at sun.reflect.GeneratedMethodAccessor6.invoke(Unknown Source)
	at sun.reflect.DelegatingMethodAccessorImpl.invoke(DelegatingMethodAccessorImpl.java:43)
	at java.lang.reflect.Method.invoke(Method.java:498)
	at org.openqa.selenium.support.events.EventFiringWebDriver.lambda$new$1(EventFiringWebDriver.java:105)
	at com.sun.proxy.$Proxy5.findElement(Unknown Source)
	at org.openqa.selenium.support.events.EventFiringWebDriver.findElement(EventFiringWebDriver.java:194)
	at org.openqa.selenium.support.pagefactory.DefaultElementLocator.findElement(DefaultElementLocator.java:69)
	at org.openqa.selenium.support.pagefactory.internal.LocatingElementHandler.invoke(LocatingElementHandler.java:38)
	at com.sun.proxy.$Proxy10.click(Unknown Source)
	at com.ebay.qa.pages.HomePage.watchingList(HomePage.java:82)
	at com.ebay.qa.testcases.WatchListPageTest.setUp(WatchListPageTest.java:33)
</failure>
    <system-out>Before navigating to: &apos;https://www.ebay.ca/&apos;
Navigated to:&apos;https://www.ebay.ca/&apos;
Trying to find Element By : By.xpath: //span[@id=&apos;gh-ug&apos;]//a[text()=&apos;Sign in&apos;]
Found Element By : By.xpath: //span[@id=&apos;gh-ug&apos;]//a[text()=&apos;Sign in&apos;]
Trying to click on: [[ChromeDriver: chrome on WINDOWS (a3d42b4b8539a52eaa57fd934764ea6e)] -&gt; xpath: //span[@id=&apos;gh-ug&apos;]//a[text()=&apos;Sign in&apos;]]
Clicked on: [[ChromeDriver: chrome on WINDOWS (a3d42b4b8539a52eaa57fd934764ea6e)] -&gt; xpath: //span[@id=&apos;gh-ug&apos;]//a[text()=&apos;Sign in&apos;]]
Trying to find Element By : By.id: userid
Found Element By : By.id: userid
Trying to find Element By : By.id: signin-continue-btn
Found Element By : By.id: signin-continue-btn
Trying to click on: [[ChromeDriver: chrome on WINDOWS (a3d42b4b8539a52eaa57fd934764ea6e)] -&gt; id: signin-continue-btn]
Clicked on: [[ChromeDriver: chrome on WINDOWS (a3d42b4b8539a52eaa57fd934764ea6e)] -&gt; id: signin-continue-btn]
Trying to find Element By : By.id: pass
Found Element By : By.id: pass
Trying to find Element By : By.id: sgnBt
Found Element By : By.id: sgnBt
Trying to click on: [[ChromeDriver: chrome on WINDOWS (a3d42b4b8539a52eaa57fd934764ea6e)] -&gt; id: sgnBt]
Clicked on: [[ChromeDriver: chrome on WINDOWS (a3d42b4b8539a52eaa57fd934764ea6e)] -&gt; id: sgnBt]
Trying to find Element By : By.xpath: //a[@title=&apos;Watch List&apos;]
Found Element By : By.xpath: //a[@title=&apos;Watch List&apos;]
Trying to click on: [[ChromeDriver: chrome on WINDOWS (a3d42b4b8539a52eaa57fd934764ea6e)] -&gt; xpath: //a[@title=&apos;Watch List&apos;]]
Clicked on: [[ChromeDriver: chrome on WINDOWS (a3d42b4b8539a52eaa57fd934764ea6e)] -&gt; xpath: //a[@title=&apos;Watch List&apos;]]
Trying to find Element By : By.xpath: //div[@class=&apos;rvi__title&apos;]
Exception occured: org.openqa.selenium.NoSuchElementException: no such element: Unable to locate element: {&quot;method&quot;:&quot;xpath&quot;,&quot;selector&quot;:&quot;//div[@class=&apos;rvi__title&apos;]&quot;}
  (Session info: chrome=97.0.4692.99)
For documentation on this error, please visit: https://www.seleniumhq.org/exceptions/no_such_element.html
Build info: version: &apos;3.141.59&apos;, revision: &apos;e82be7d358&apos;, time: &apos;2018-11-14T08:17:03&apos;
System info: host: &apos;ROG&apos;, ip: &apos;192.168.2.20&apos;, os.name: &apos;Windows 8.1&apos;, os.arch: &apos;amd64&apos;, os.version: &apos;6.3&apos;, java.version: &apos;1.8.0_161&apos;
Driver info: org.openqa.selenium.chrome.ChromeDriver
Capabilities {acceptInsecureCerts: false, browserName: chrome, browserVersion: 97.0.4692.99, chrome: {chromedriverVersion: 97.0.4692.71 (adefa7837d02a..., userDataDir: C:\Users\PRAJAP~1\AppData\L...}, goog:chromeOptions: {debuggerAddress: localhost:51695}, javascriptEnabled: true, networkConnectionEnabled: false, pageLoadStrategy: normal, platform: WINDOWS, platformName: WINDOWS, proxy: Proxy(), setWindowRect: true, strictFileInteractability: false, timeouts: {implicit: 0, pageLoad: 300000, script: 30000}, unhandledPromptBehavior: dismiss and notify, webauthn:extension:credBlob: true, webauthn:extension:largeBlob: true, webauthn:virtualAuthenticators: true}
Session ID: a3d42b4b8539a52eaa57fd934764ea6e
*** Element info: {Using=xpath, value=//div[@class=&apos;rvi__title&apos;]}
</system-out>
    <system-err>Starting ChromeDriver 97.0.4692.71 (adefa7837d02a07a604c1e6eff0b3a09422ab88d-refs/branch-heads/4692@{#1247}) on port 21018
Only local connections are allowed.
Please see https://chromedriver.chromium.org/security-considerations for suggestions on keeping ChromeDriver safe.
ChromeDriver was started successfully.
Feb 05, 2022 10:13:41 PM org.openqa.selenium.remote.ProtocolHandshake createSession
INFO: Detected dialect: W3C
</system-err>
  </testcase>
  <testcase classname="com.ebay.qa.testcases.WatchListPageTest" name="addingToCartTest" time="0.002">
    <skipped/>
  </testcase>
  <testcase classname="com.ebay.qa.testcases.WatchListPageTest" name="tearDown" time="0.407">
    <skipped/>
  </testcase>
</testsuite>