<?xml version="1.0" encoding="UTF-8"?>
<!-- Generated by org.testng.reporters.JUnitReportReporter -->
<testsuite hostname="ROG" failures="0" tests="2" name="com.ebay.qa.testcases.CheckoutPageTest" time="44.345" errors="0" timestamp="2022-02-01T22:18:12 GMT-05:00" skipped="0">
  <testcase classname="com.ebay.qa.testcases.CheckoutPageTest" name="checkoutPageTitleTest" time="19.613"/>
  <system-out/>
  <testcase classname="com.ebay.qa.testcases.CheckoutPageTest" name="endCheckoutTest" time="24.732"/>
  <system-out/>
</testsuite> <!-- com.ebay.qa.testcases.CheckoutPageTest -->
