<?xml version="1.0" encoding="UTF-8"?>
<!-- Generated by org.testng.reporters.JUnitReportReporter -->
<testsuite skipped="0" hostname="ROG" name="com.ebay.qa.testcases.SignInPageTest" tests="2" failures="0" timestamp="2022-02-05T22:14:28 EST" time="30.705" errors="0">
  <testcase name="signInPageTitleTest" time="11.405" classname="com.ebay.qa.testcases.SignInPageTest"/>
  <system-out/>
  <testcase name="signInTest" time="19.300" classname="com.ebay.qa.testcases.SignInPageTest"/>
  <system-out/>
</testsuite> <!-- com.ebay.qa.testcases.SignInPageTest -->
