<?xml version="1.0" encoding="UTF-8"?>
<!-- Generated by org.testng.reporters.JUnitReportReporter -->
<testsuite skipped="0" hostname="ROG" name="com.ebay.qa.testcases.HomePageTest" tests="4" failures="0" timestamp="2022-02-02T21:06:14 EST" time="84.083" errors="0">
  <testcase name="homePageTitleTest" time="5.724" classname="com.ebay.qa.testcases.HomePageTest"/>
  <system-out/>
  <testcase name="ebayLogoTest" time="8.575" classname="com.ebay.qa.testcases.HomePageTest"/>
  <system-out/>
  <testcase name="searchTest" time="57.512" classname="com.ebay.qa.testcases.HomePageTest"/>
  <system-out/>
  <testcase name="userNameLabelTest" time="12.272" classname="com.ebay.qa.testcases.HomePageTest"/>
  <system-out/>
</testsuite> <!-- com.ebay.qa.testcases.HomePageTest -->
