<?xml version="1.0" encoding="UTF-8"?>
<!-- Generated by org.testng.reporters.JUnitReportReporter -->
<testsuite skipped="0" hostname="ROG" name="com.ebay.qa.testcases.SignInPageTest" tests="2" failures="0" timestamp="2022-02-02T21:06:14 EST" time="18.553" errors="0">
  <testcase name="signInPageTitleTest" time="7.323" classname="com.ebay.qa.testcases.SignInPageTest"/>
  <system-out/>
  <testcase name="signInTest" time="11.230" classname="com.ebay.qa.testcases.SignInPageTest"/>
  <system-out/>
</testsuite> <!-- com.ebay.qa.testcases.SignInPageTest -->
