<?xml version="1.0" encoding="UTF-8"?>
<!-- Generated by org.testng.reporters.JUnitReportReporter -->
<testsuite skipped="0" hostname="ROG" name="com.ebay.qa.testcases.CheckoutPageTest" tests="2" failures="0" timestamp="2022-02-05T22:14:28 EST" time="108.133" errors="0">
  <testcase name="checkoutPageTitleTest" time="55.688" classname="com.ebay.qa.testcases.CheckoutPageTest"/>
  <system-out/>
  <testcase name="endCheckoutTest" time="52.445" classname="com.ebay.qa.testcases.CheckoutPageTest"/>
  <system-out/>
</testsuite> <!-- com.ebay.qa.testcases.CheckoutPageTest -->
