<?xml version="1.0" encoding="UTF-8"?>
<!-- Generated by org.testng.reporters.JUnitReportReporter -->
<testsuite skipped="0" hostname="ROG" name="com.ebay.qa.testcases.CartPageTest" tests="2" failures="0" timestamp="2022-02-02T21:06:14 EST" time="47.988" errors="0">
  <testcase name="cartPageTitleTest" time="24.072" classname="com.ebay.qa.testcases.CartPageTest"/>
  <system-out/>
  <testcase name="verifyGoToCheckoutTest" time="23.916" classname="com.ebay.qa.testcases.CartPageTest"/>
  <system-out/>
</testsuite> <!-- com.ebay.qa.testcases.CartPageTest -->
