<?xml version="1.0" encoding="UTF-8"?>
<!-- Generated by org.testng.reporters.JUnitReportReporter -->
<testsuite skipped="0" hostname="ROG" name="com.ebay.qa.testcases.HomePageTest" tests="4" failures="0" timestamp="2022-02-05T22:14:28 EST" time="53.046" errors="0">
  <testcase name="homePageTitleTest" time="10.793" classname="com.ebay.qa.testcases.HomePageTest"/>
  <system-out/>
  <testcase name="ebayLogoTest" time="10.321" classname="com.ebay.qa.testcases.HomePageTest"/>
  <system-out/>
  <testcase name="searchTest" time="14.036" classname="com.ebay.qa.testcases.HomePageTest"/>
  <system-out/>
  <testcase name="userNameLabelTest" time="17.896" classname="com.ebay.qa.testcases.HomePageTest"/>
  <system-out/>
</testsuite> <!-- com.ebay.qa.testcases.HomePageTest -->
